<?xml version="1.0" encoding="UTF-8"?>
<testng-results skipped="0" failed="0" ignored="0" total="0" passed="0">
  <reporter-output>
  </reporter-output>
  <suite name="Default suite" duration-ms="483" started-at="2022-09-14T18:29:53 IST" finished-at="2022-09-14T18:29:53 IST">
    <groups>
      <group name="cucumber">
        <method signature="AbstractTestNGCucumberTests.runScenario(io.cucumber.testng.PickleWrapper, io.cucumber.testng.FeatureWrapper)[pri:0, instance:runner.TestNGRunner@11cc5c9]" name="runScenario" class="io.cucumber.testng.AbstractTestNGCucumberTests"/>
      </group> <!-- cucumber -->
    </groups>
    <test name="Default test" duration-ms="483" started-at="2022-09-14T18:29:53 IST" finished-at="2022-09-14T18:29:53 IST">
      <class name="runner.TestNGRunner">
        <test-method status="FAIL" signature="setUpClass(org.testng.ITestContext)[pri:0, instance:runner.TestNGRunner@11cc5c9]" name="setUpClass" is-config="true" duration-ms="437" started-at="2022-09-14T18:29:53 IST" finished-at="2022-09-14T18:29:53 IST">
          <params>
            <param index="0">
              <value>
                <![CDATA[org.testng.TestRunner@1997e9d]]>
              </value>
            </param>
          </params>
          <exception class="io.cucumber.core.gherkin.FeatureParserException">
            <message>
              <![CDATA[Failed to parse resource at: file:///C:/eclips01.java/CucumberDemo03/src/test/java/features/register.feature
(13:1): expected: #TagLine, #FeatureLine, #Comment, #Empty, got 'Scenario: Register an account with valid details'
(14:1): expected: #TagLine, #FeatureLine, #Comment, #Empty, got 'Given User nanigates to Registration page'
(15:1): expected: #TagLine, #FeatureLine, #Comment, #Empty, got 'When User provies the following details into the input fields'
(16:1): expected: #TagLine, #FeatureLine, #Comment, #Empty, got '|firstName|muzammil|'
(17:1): expected: #TagLine, #FeatureLine, #Comment, #Empty, got '|lastName|sayyed|'
(18:1): expected: #TagLine, #FeatureLine, #Comment, #Empty, got '|email|muz09@gmail.com|'
(19:1): expected: #TagLine, #FeatureLine, #Comment, #Empty, got '|Phone|123456789|'
(20:1): expected: #TagLine, #FeatureLine, #Comment, #Empty, got '|password|123@456|'
(21:1): expected: #TagLine, #FeatureLine, #Comment, #Empty, got 'And Selects the privacy policy option'
(23:0): unexpected end of file, expected: #TagLine, #FeatureLine, #Comment, #Empty]]>
            </message>
            <full-stacktrace>
              <![CDATA[io.cucumber.core.gherkin.FeatureParserException: Failed to parse resource at: file:///C:/eclips01.java/CucumberDemo03/src/test/java/features/register.feature
(13:1): expected: #TagLine, #FeatureLine, #Comment, #Empty, got 'Scenario: Register an account with valid details'
(14:1): expected: #TagLine, #FeatureLine, #Comment, #Empty, got 'Given User nanigates to Registration page'
(15:1): expected: #TagLine, #FeatureLine, #Comment, #Empty, got 'When User provies the following details into the input fields'
(16:1): expected: #TagLine, #FeatureLine, #Comment, #Empty, got '|firstName|muzammil|'
(17:1): expected: #TagLine, #FeatureLine, #Comment, #Empty, got '|lastName|sayyed|'
(18:1): expected: #TagLine, #FeatureLine, #Comment, #Empty, got '|email|muz09@gmail.com|'
(19:1): expected: #TagLine, #FeatureLine, #Comment, #Empty, got '|Phone|123456789|'
(20:1): expected: #TagLine, #FeatureLine, #Comment, #Empty, got '|password|123@456|'
(21:1): expected: #TagLine, #FeatureLine, #Comment, #Empty, got 'And Selects the privacy policy option'
(23:0): unexpected end of file, expected: #TagLine, #FeatureLine, #Comment, #Empty
at io.cucumber.core.gherkin.messages.GherkinMessagesFeatureParser.parse(GherkinMessagesFeatureParser.java:43)
at io.cucumber.core.feature.FeatureParser.parseResource(FeatureParser.java:45)
at java.util.function.BiFunction.lambda$andThen$0(BiFunction.java:70)
at io.cucumber.core.resource.ResourceScanner.lambda$processResource$1(ResourceScanner.java:79)
at io.cucumber.core.resource.PathScanner$ResourceFileVisitor.visitFile(PathScanner.java:75)
at io.cucumber.core.resource.PathScanner$ResourceFileVisitor.visitFile(PathScanner.java:60)
at java.nio.file.Files.walkFileTree(Files.java:2670)
at io.cucumber.core.resource.PathScanner.findResourcesForPath(PathScanner.java:53)
at io.cucumber.core.resource.PathScanner.findResourcesForUri(PathScanner.java:31)
at io.cucumber.core.resource.ResourceScanner.findResourcesForUri(ResourceScanner.java:61)
at io.cucumber.core.resource.ResourceScanner.scanForResourcesUri(ResourceScanner.java:134)
at io.cucumber.core.runtime.FeaturePathFeatureSupplier.loadFeatures(FeaturePathFeatureSupplier.java:62)
at io.cucumber.core.runtime.FeaturePathFeatureSupplier.get(FeaturePathFeatureSupplier.java:45)
at io.cucumber.testng.TestNGCucumberRunner.<init>(TestNGCucumberRunner.java:122)
at io.cucumber.testng.AbstractTestNGCucumberTests.setUpClass(AbstractTestNGCucumberTests.java:27)
at sun.reflect.NativeMethodAccessorImpl.invoke0(Native Method)
at sun.reflect.NativeMethodAccessorImpl.invoke(NativeMethodAccessorImpl.java:62)
at sun.reflect.DelegatingMethodAccessorImpl.invoke(DelegatingMethodAccessorImpl.java:43)
at java.lang.reflect.Method.invoke(Method.java:498)
at org.testng.internal.MethodInvocationHelper.invokeMethod(MethodInvocationHelper.java:132)
at org.testng.internal.MethodInvocationHelper.invokeMethodConsideringTimeout(MethodInvocationHelper.java:61)
at org.testng.internal.ConfigInvoker.invokeConfigurationMethod(ConfigInvoker.java:366)
at org.testng.internal.ConfigInvoker.invokeConfigurations(ConfigInvoker.java:320)
at org.testng.internal.TestMethodWorker.invokeBeforeClassMethods(TestMethodWorker.java:176)
at org.testng.internal.TestMethodWorker.run(TestMethodWorker.java:122)
at java.util.ArrayList.forEach(ArrayList.java:1257)
at org.testng.TestRunner.privateRun(TestRunner.java:764)
at org.testng.TestRunner.run(TestRunner.java:585)
at org.testng.SuiteRunner.runTest(SuiteRunner.java:384)
at org.testng.SuiteRunner.runSequentially(SuiteRunner.java:378)
at org.testng.SuiteRunner.privateRun(SuiteRunner.java:337)
at org.testng.SuiteRunner.run(SuiteRunner.java:286)
at org.testng.SuiteRunnerWorker.runSuite(SuiteRunnerWorker.java:53)
at org.testng.SuiteRunnerWorker.run(SuiteRunnerWorker.java:96)
at org.testng.TestNG.runSuitesSequentially(TestNG.java:1218)
at org.testng.TestNG.runSuitesLocally(TestNG.java:1140)
at org.testng.TestNG.runSuites(TestNG.java:1069)
at org.testng.TestNG.run(TestNG.java:1037)
at org.testng.remote.AbstractRemoteTestNG.run(AbstractRemoteTestNG.java:115)
at org.testng.remote.RemoteTestNG.initAndRun(RemoteTestNG.java:251)
at org.testng.remote.RemoteTestNG.main(RemoteTestNG.java:77)
]]>
            </full-stacktrace>
          </exception> <!-- io.cucumber.core.gherkin.FeatureParserException -->
          <reporter-output>
          </reporter-output>
        </test-method> <!-- setUpClass -->
        <test-method status="PASS" signature="tearDownClass()[pri:0, instance:runner.TestNGRunner@11cc5c9]" name="tearDownClass" is-config="true" duration-ms="0" started-at="2022-09-14T18:29:53 IST" finished-at="2022-09-14T18:29:53 IST">
          <reporter-output>
          </reporter-output>
        </test-method> <!-- tearDownClass -->
      </class> <!-- runner.TestNGRunner -->
    </test> <!-- Default test -->
  </suite> <!-- Default suite -->
</testng-results>
